<?xml version="1.0" encoding="UTF-8"?>
<!-- Generated by org.testng.reporters.JUnitReportReporter -->
<testsuite hostname="DESKTOP-IAI6FN8" failures="0" tests="1" name="Runner.RunnerClass" time="0.393" errors="0" timestamp="2024-04-10T00:03:24 IST" skipped="0">
  <testcase classname="Runner.RunnerClass" name="runScenario" time="0.393"/>
  <system-out/>
</testsuite> <!-- Runner.RunnerClass -->
