<?xml version="1.0" encoding="UTF-8"?>
<!-- Generated by org.testng.reporters.JUnitReportReporter -->
<testsuite hostname="DESKTOP-IAI6FN8" failures="0" tests="1" name="Runner.RunnerClass" time="1.200" errors="0" timestamp="2024-04-09T10:35:18 IST" skipped="0">
  <testcase classname="Runner.RunnerClass" name="runScenario" time="1.200"/>
  <system-out/>
</testsuite> <!-- Runner.RunnerClass -->
